<?xml version="1.0" encoding="UTF-8"?>
<!-- Generated by org.testng.reporters.JUnitXMLReporter -->
<testsuite hostname="DESKTOP-KH6GACJ" ignored="0" name="Surefire test" tests="12" failures="2" timestamp="04 Sep 2018 14:38:19 GMT" time="147.208" errors="0">
  <testcase name="changeZipCode" time="10.559" classname="com.amazon.qa.tests.DeliveryPopupPageTest">
    <failure type="org.openqa.selenium.ElementNotVisibleException" message="element not visible
  (Session info: chrome=68.0.3440.106)
  (Driver info: chromedriver=2.40.565498 (ea082db3280dd6843ebfb08a625e3eb905c4f5ab),platform=Windows NT 10.0.17134 x86_64) (WARNING: The server did not provide any stacktrace information)
Command duration or timeout: 0 milliseconds
Build info: version: &amp;apos;3.13.0&amp;apos;, revision: &amp;apos;2f0d292&amp;apos;, time: &amp;apos;2018-06-25T15:24:21.231Z&amp;apos;
System info: host: &amp;apos;DESKTOP-KH6GACJ&amp;apos;, ip: &amp;apos;192.168.88.1&amp;apos;, os.name: &amp;apos;Windows 10&amp;apos;, os.arch: &amp;apos;amd64&amp;apos;, os.version: &amp;apos;10.0&amp;apos;, java.version: &amp;apos;1.8.0_172&amp;apos;
Driver info: org.openqa.selenium.chrome.ChromeDriver
Capabilities {acceptInsecureCerts: false, acceptSslCerts: false, applicationCacheEnabled: false, browserConnectionEnabled: false, browserName: chrome, chrome: {chromedriverVersion: 2.40.565498 (ea082db3280dd6..., userDataDir: C:\Users\Vaibhav\AppData\Lo...}, cssSelectorsEnabled: true, databaseEnabled: false, handlesAlerts: true, hasTouchScreen: false, javascriptEnabled: true, locationContextEnabled: true, mobileEmulationEnabled: false, nativeEvents: true, networkConnectionEnabled: false, pageLoadStrategy: normal, platform: XP, platformName: XP, rotatable: false, setWindowRect: true, takesHeapSnapshot: true, takesScreenshot: true, unexpectedAlertBehaviour: , unhandledPromptBehavior: , version: 68.0.3440.106, webStorageEnabled: true}
Session ID: 850ec6bba43f4f40ff4c790367f73072">
      <![CDATA[org.openqa.selenium.ElementNotVisibleException: element not visible
  (Session info: chrome=68.0.3440.106)
  (Driver info: chromedriver=2.40.565498 (ea082db3280dd6843ebfb08a625e3eb905c4f5ab),platform=Windows NT 10.0.17134 x86_64) (WARNING: The server did not provide any stacktrace information)
Command duration or timeout: 0 milliseconds
Build info: version: '3.13.0', revision: '2f0d292', time: '2018-06-25T15:24:21.231Z'
System info: host: 'DESKTOP-KH6GACJ', ip: '192.168.88.1', os.name: 'Windows 10', os.arch: 'amd64', os.version: '10.0', java.version: '1.8.0_172'
Driver info: org.openqa.selenium.chrome.ChromeDriver
Capabilities {acceptInsecureCerts: false, acceptSslCerts: false, applicationCacheEnabled: false, browserConnectionEnabled: false, browserName: chrome, chrome: {chromedriverVersion: 2.40.565498 (ea082db3280dd6..., userDataDir: C:\Users\Vaibhav\AppData\Lo...}, cssSelectorsEnabled: true, databaseEnabled: false, handlesAlerts: true, hasTouchScreen: false, javascriptEnabled: true, locationContextEnabled: true, mobileEmulationEnabled: false, nativeEvents: true, networkConnectionEnabled: false, pageLoadStrategy: normal, platform: XP, platformName: XP, rotatable: false, setWindowRect: true, takesHeapSnapshot: true, takesScreenshot: true, unexpectedAlertBehaviour: , unhandledPromptBehavior: , version: 68.0.3440.106, webStorageEnabled: true}
Session ID: 850ec6bba43f4f40ff4c790367f73072
at org.openqa.selenium.remote.ErrorHandler.createThrowable(ErrorHandler.java:214)
at org.openqa.selenium.remote.ErrorHandler.throwIfResponseFailed(ErrorHandler.java:166)
at org.openqa.selenium.remote.http.JsonHttpResponseCodec.reconstructValue(JsonHttpResponseCodec.java:40)
at org.openqa.selenium.remote.http.AbstractHttpResponseCodec.decode(AbstractHttpResponseCodec.java:80)
at org.openqa.selenium.remote.http.AbstractHttpResponseCodec.decode(AbstractHttpResponseCodec.java:44)
at org.openqa.selenium.remote.HttpCommandExecutor.execute(HttpCommandExecutor.java:158)
at org.openqa.selenium.remote.service.DriverCommandExecutor.execute(DriverCommandExecutor.java:83)
at org.openqa.selenium.remote.RemoteWebDriver.execute(RemoteWebDriver.java:548)
at org.openqa.selenium.remote.RemoteWebElement.execute(RemoteWebElement.java:276)
at org.openqa.selenium.remote.RemoteWebElement.sendKeys(RemoteWebElement.java:100)
at org.openqa.selenium.support.pagefactory.internal.LocatingElementHandler.invoke(LocatingElementHandler.java:51)
at com.sun.proxy.$Proxy7.sendKeys(Unknown Source)
at com.amazon.qa.pages.DeliveryPopupPage.changeZipCode(DeliveryPopupPage.java:44)
at com.amazon.qa.tests.DeliveryPopupPageTest.changeZipCode(DeliveryPopupPageTest.java:31)
... Removed 38 stack frames]]>
    </failure>
  </testcase> <!-- changeZipCode -->
  <testcase name="verifyLocationTitle" time="0.063" classname="com.amazon.qa.tests.DeliveryPopupPageTest"/>
  <testcase name="clickonSigninbtn" time="4.585" classname="com.amazon.qa.tests.HomePageTest"/>
  <testcase name="clickonSigninlink" time="1.131" classname="com.amazon.qa.tests.HomePageTest"/>
  <testcase name="Signinwithmobilenumber" time="5.561" classname="com.amazon.qa.tests.SigninPageTest"/>
  <testcase name="clickonForgotPasswordlink" time="0.783" classname="com.amazon.qa.tests.SigninPageTest"/>
  <testcase name="clickonSigninissueslink" time="2.875" classname="com.amazon.qa.tests.SigninPageTest"/>
  <testcase name="validateEmailerrormessage" time="0.464" classname="com.amazon.qa.tests.SigninPageTest">
    <failure type="java.lang.AssertionError" message="expected [Enter your email or mobile phone number] but found []">
      <![CDATA[java.lang.AssertionError: expected [Enter your email or mobile phone number] but found []
at com.amazon.qa.tests.SigninPageTest.validateEmailerrormessage(SigninPageTest.java:31)
... Removed 36 stack frames]]>
    </failure>
  </testcase> <!-- validateEmailerrormessage -->
  <testcase name="validatemobilenumberErrormessage" time="1.112" classname="com.amazon.qa.tests.SigninPageTest"/>
  <testcase name="verifyPagetitle" time="0.088" classname="com.amazon.qa.tests.SigninPageTest"/>
  <testcase name="verifyPageTitle" time="0.008" classname="com.amazon.qa.tests.HomePageTest"/>
  <testcase name="clickonDeliverylink" time="3.523" classname="com.amazon.qa.tests.HomePageTest"/>
</testsuite> <!-- Surefire test -->
