<!DOCTYPE html PUBLIC "-//W3C//DTD XHTML 1.1//EN" "http://www.w3.org/TR/xhtml11/DTD/xhtml11.dtd">
<html xmlns="http://www.w3.org/1999/xhtml">
<head>
<meta http-equiv="content-type" content="text/html; charset=UTF-8"/>
<title>TestNG Report</title>
<style type="text/css">table {margin-bottom:10px;border-collapse:collapse;empty-cells:show}th,td {border:1px solid #009;padding:.25em .5em}th {vertical-align:bottom}td {vertical-align:top}table a {font-weight:bold}.stripe td {background-color: #E6EBF9}.num {text-align:right}.passedodd td {background-color: #3F3}.passedeven td {background-color: #0A0}.skippedodd td {background-color: #DDD}.skippedeven td {background-color: #CCC}.failedodd td,.attn {background-color: #F33}.failedeven td,.stripe .attn {background-color: #D00}.stacktrace {white-space:pre;font-family:monospace}.totop {font-size:85%;text-align:center;border-bottom:2px solid #000}.invisible {display:none}</style>
</head>
<body>
<table>
<tr><th>Test</th><th># Passed</th><th># Skipped</th><th># Failed</th><th>Time (ms)</th><th>Included Groups</th><th>Excluded Groups</th></tr>
<tr><th colspan="7">Surefire suite</th></tr>
<tr><td><a href="#t0">Surefire test</a></td><td class="num">10</td><td class="num">0</td><td class="num attn">2</td><td class="num">147,208</td><td></td><td></td></tr>
</table>
<table id='summary'><thead><tr><th>Class</th><th>Method</th><th>Start</th><th>Time (ms)</th></tr></thead><tbody><tr><th colspan="4">Surefire suite</th></tr></tbody><tbody id="t0"><tr><th colspan="4">Surefire test &#8212; failed</th></tr><tr class="failedeven"><td rowspan="1">com.amazon.qa.tests.DeliveryPopupPageTest</td><td><a href="#m0">changeZipCode</a></td><td rowspan="1">1536071767451</td><td rowspan="1">10559</td></tr><tr class="failedodd"><td rowspan="1">com.amazon.qa.tests.SigninPageTest</td><td><a href="#m1">validateEmailerrormessage</a></td><td rowspan="1">1536071858094</td><td rowspan="1">464</td></tr><tr><th colspan="4">Surefire test &#8212; passed</th></tr><tr class="passedeven"><td rowspan="1">com.amazon.qa.tests.DeliveryPopupPageTest</td><td><a href="#m2">verifyLocationTitle</a></td><td rowspan="1">1536071787166</td><td rowspan="1">63</td></tr><tr class="passedodd"><td rowspan="4">com.amazon.qa.tests.HomePageTest</td><td><a href="#m3">clickonDeliverylink</a></td><td rowspan="1">1536071894855</td><td rowspan="1">3523</td></tr><tr class="passedodd"><td><a href="#m4">clickonSigninbtn</a></td><td rowspan="1">1536071795526</td><td rowspan="1">4585</td></tr><tr class="passedodd"><td><a href="#m5">clickonSigninlink</a></td><td rowspan="1">1536071808872</td><td rowspan="1">1131</td></tr><tr class="passedodd"><td><a href="#m6">verifyPageTitle</a></td><td rowspan="1">1536071886570</td><td rowspan="1">8</td></tr><tr class="passedeven"><td rowspan="5">com.amazon.qa.tests.SigninPageTest</td><td><a href="#m7">Signinwithmobilenumber</a></td><td rowspan="1">1536071819321</td><td rowspan="1">5561</td></tr><tr class="passedeven"><td><a href="#m8">clickonForgotPasswordlink</a></td><td rowspan="1">1536071834273</td><td rowspan="1">783</td></tr><tr class="passedeven"><td><a href="#m9">clickonSigninissueslink</a></td><td rowspan="1">1536071845706</td><td rowspan="1">2875</td></tr><tr class="passedeven"><td><a href="#m10">validatemobilenumberErrormessage</a></td><td rowspan="1">1536071867932</td><td rowspan="1">1112</td></tr><tr class="passedeven"><td><a href="#m11">verifyPagetitle</a></td><td rowspan="1">1536071878222</td><td rowspan="1">88</td></tr></tbody>
</table>
<h2>Surefire test</h2><h3 id="m0">com.amazon.qa.tests.DeliveryPopupPageTest#changeZipCode</h3><table class="result"><tr><th>Exception</th></tr><tr><td><div class="stacktrace">org.openqa.selenium.ElementNotVisibleException: element not visible
  (Session info: chrome=68.0.3440.106)
  (Driver info: chromedriver=2.40.565498 (ea082db3280dd6843ebfb08a625e3eb905c4f5ab),platform=Windows NT 10.0.17134 x86_64) (WARNING: The server did not provide any stacktrace information)
Command duration or timeout: 0 milliseconds
Build info: version: &apos;3.13.0&apos;, revision: &apos;2f0d292&apos;, time: &apos;2018-06-25T15:24:21.231Z&apos;
System info: host: &apos;DESKTOP-KH6GACJ&apos;, ip: &apos;192.168.88.1&apos;, os.name: &apos;Windows 10&apos;, os.arch: &apos;amd64&apos;, os.version: &apos;10.0&apos;, java.version: &apos;1.8.0_172&apos;
Driver info: org.openqa.selenium.chrome.ChromeDriver
Capabilities {acceptInsecureCerts: false, acceptSslCerts: false, applicationCacheEnabled: false, browserConnectionEnabled: false, browserName: chrome, chrome: {chromedriverVersion: 2.40.565498 (ea082db3280dd6..., userDataDir: C:\Users\Vaibhav\AppData\Lo...}, cssSelectorsEnabled: true, databaseEnabled: false, handlesAlerts: true, hasTouchScreen: false, javascriptEnabled: true, locationContextEnabled: true, mobileEmulationEnabled: false, nativeEvents: true, networkConnectionEnabled: false, pageLoadStrategy: normal, platform: XP, platformName: XP, rotatable: false, setWindowRect: true, takesHeapSnapshot: true, takesScreenshot: true, unexpectedAlertBehaviour: , unhandledPromptBehavior: , version: 68.0.3440.106, webStorageEnabled: true}
Session ID: 850ec6bba43f4f40ff4c790367f73072
	at org.openqa.selenium.remote.ErrorHandler.createThrowable(ErrorHandler.java:214)
	at org.openqa.selenium.remote.ErrorHandler.throwIfResponseFailed(ErrorHandler.java:166)
	at org.openqa.selenium.remote.http.JsonHttpResponseCodec.reconstructValue(JsonHttpResponseCodec.java:40)
	at org.openqa.selenium.remote.http.AbstractHttpResponseCodec.decode(AbstractHttpResponseCodec.java:80)
	at org.openqa.selenium.remote.http.AbstractHttpResponseCodec.decode(AbstractHttpResponseCodec.java:44)
	at org.openqa.selenium.remote.HttpCommandExecutor.execute(HttpCommandExecutor.java:158)
	at org.openqa.selenium.remote.service.DriverCommandExecutor.execute(DriverCommandExecutor.java:83)
	at org.openqa.selenium.remote.RemoteWebDriver.execute(RemoteWebDriver.java:548)
	at org.openqa.selenium.remote.RemoteWebElement.execute(RemoteWebElement.java:276)
	at org.openqa.selenium.remote.RemoteWebElement.sendKeys(RemoteWebElement.java:100)
	at org.openqa.selenium.support.pagefactory.internal.LocatingElementHandler.invoke(LocatingElementHandler.java:51)
	at com.sun.proxy.$Proxy7.sendKeys(Unknown Source)
	at com.amazon.qa.pages.DeliveryPopupPage.changeZipCode(DeliveryPopupPage.java:44)
	at com.amazon.qa.tests.DeliveryPopupPageTest.changeZipCode(DeliveryPopupPageTest.java:31)
... Removed 38 stack frames</div></td></tr></table><p class="totop"><a href="#summary">back to summary</a></p>
<h3 id="m1">com.amazon.qa.tests.SigninPageTest#validateEmailerrormessage</h3><table class="result"><tr><th>Exception</th></tr><tr><td><div class="stacktrace">java.lang.AssertionError: expected [Enter your email or mobile phone number] but found []
	at com.amazon.qa.tests.SigninPageTest.validateEmailerrormessage(SigninPageTest.java:31)
... Removed 36 stack frames</div></td></tr></table><p class="totop"><a href="#summary">back to summary</a></p>
<h3 id="m2">com.amazon.qa.tests.DeliveryPopupPageTest#verifyLocationTitle</h3><table class="result"><tr><th class="invisible"/></tr></table><p class="totop"><a href="#summary">back to summary</a></p>
<h3 id="m3">com.amazon.qa.tests.HomePageTest#clickonDeliverylink</h3><table class="result"><tr><th class="invisible"/></tr></table><p class="totop"><a href="#summary">back to summary</a></p>
<h3 id="m4">com.amazon.qa.tests.HomePageTest#clickonSigninbtn</h3><table class="result"><tr><th class="invisible"/></tr></table><p class="totop"><a href="#summary">back to summary</a></p>
<h3 id="m5">com.amazon.qa.tests.HomePageTest#clickonSigninlink</h3><table class="result"><tr><th class="invisible"/></tr></table><p class="totop"><a href="#summary">back to summary</a></p>
<h3 id="m6">com.amazon.qa.tests.HomePageTest#verifyPageTitle</h3><table class="result"><tr><th class="invisible"/></tr></table><p class="totop"><a href="#summary">back to summary</a></p>
<h3 id="m7">com.amazon.qa.tests.SigninPageTest#Signinwithmobilenumber</h3><table class="result"><tr><th class="invisible"/></tr></table><p class="totop"><a href="#summary">back to summary</a></p>
<h3 id="m8">com.amazon.qa.tests.SigninPageTest#clickonForgotPasswordlink</h3><table class="result"><tr><th class="invisible"/></tr></table><p class="totop"><a href="#summary">back to summary</a></p>
<h3 id="m9">com.amazon.qa.tests.SigninPageTest#clickonSigninissueslink</h3><table class="result"><tr><th class="invisible"/></tr></table><p class="totop"><a href="#summary">back to summary</a></p>
<h3 id="m10">com.amazon.qa.tests.SigninPageTest#validatemobilenumberErrormessage</h3><table class="result"><tr><th class="invisible"/></tr></table><p class="totop"><a href="#summary">back to summary</a></p>
<h3 id="m11">com.amazon.qa.tests.SigninPageTest#verifyPagetitle</h3><table class="result"><tr><th class="invisible"/></tr></table><p class="totop"><a href="#summary">back to summary</a></p>
</body>
</html>
