<?xml version="1.0" encoding="UTF-8"?>
<testng-results skipped="0" failed="2" ignored="0" total="12" passed="10">
  <reporter-output>
  </reporter-output>
  <suite name="Surefire suite" duration-ms="147208" started-at="2018-09-04T14:35:51Z" finished-at="2018-09-04T14:38:19Z">
    <groups>
    </groups>
    <test name="Surefire test" duration-ms="147208" started-at="2018-09-04T14:35:51Z" finished-at="2018-09-04T14:38:19Z">
      <class name="com.amazon.qa.tests.DeliveryPopupPageTest">
        <test-method status="PASS" signature="setup()[pri:0, instance:com.amazon.qa.tests.DeliveryPopupPageTest@26f67b76]" name="setup" is-config="true" duration-ms="15456" started-at="2018-09-04T14:35:51Z" finished-at="2018-09-04T14:36:07Z">
          <reporter-output>
          </reporter-output>
        </test-method> <!-- setup -->
        <test-method status="FAIL" signature="changeZipCode()[pri:0, instance:com.amazon.qa.tests.DeliveryPopupPageTest@26f67b76]" name="changeZipCode" duration-ms="10559" started-at="2018-09-04T14:36:07Z" finished-at="2018-09-04T14:36:18Z">
          <exception class="org.openqa.selenium.ElementNotVisibleException">
            <message>
              <![CDATA[element not visible
  (Session info: chrome=68.0.3440.106)
  (Driver info: chromedriver=2.40.565498 (ea082db3280dd6843ebfb08a625e3eb905c4f5ab),platform=Windows NT 10.0.17134 x86_64) (WARNING: The server did not provide any stacktrace information)
Command duration or timeout: 0 milliseconds
Build info: version: '3.13.0', revision: '2f0d292', time: '2018-06-25T15:24:21.231Z'
System info: host: 'DESKTOP-KH6GACJ', ip: '192.168.88.1', os.name: 'Windows 10', os.arch: 'amd64', os.version: '10.0', java.version: '1.8.0_172'
Driver info: org.openqa.selenium.chrome.ChromeDriver
Capabilities {acceptInsecureCerts: false, acceptSslCerts: false, applicationCacheEnabled: false, browserConnectionEnabled: false, browserName: chrome, chrome: {chromedriverVersion: 2.40.565498 (ea082db3280dd6..., userDataDir: C:\Users\Vaibhav\AppData\Lo...}, cssSelectorsEnabled: true, databaseEnabled: false, handlesAlerts: true, hasTouchScreen: false, javascriptEnabled: true, locationContextEnabled: true, mobileEmulationEnabled: false, nativeEvents: true, networkConnectionEnabled: false, pageLoadStrategy: normal, platform: XP, platformName: XP, rotatable: false, setWindowRect: true, takesHeapSnapshot: true, takesScreenshot: true, unexpectedAlertBehaviour: , unhandledPromptBehavior: , version: 68.0.3440.106, webStorageEnabled: true}
Session ID: 850ec6bba43f4f40ff4c790367f73072]]>
            </message>
            <full-stacktrace>
              <![CDATA[org.openqa.selenium.ElementNotVisibleException: element not visible
  (Session info: chrome=68.0.3440.106)
  (Driver info: chromedriver=2.40.565498 (ea082db3280dd6843ebfb08a625e3eb905c4f5ab),platform=Windows NT 10.0.17134 x86_64) (WARNING: The server did not provide any stacktrace information)
Command duration or timeout: 0 milliseconds
Build info: version: '3.13.0', revision: '2f0d292', time: '2018-06-25T15:24:21.231Z'
System info: host: 'DESKTOP-KH6GACJ', ip: '192.168.88.1', os.name: 'Windows 10', os.arch: 'amd64', os.version: '10.0', java.version: '1.8.0_172'
Driver info: org.openqa.selenium.chrome.ChromeDriver
Capabilities {acceptInsecureCerts: false, acceptSslCerts: false, applicationCacheEnabled: false, browserConnectionEnabled: false, browserName: chrome, chrome: {chromedriverVersion: 2.40.565498 (ea082db3280dd6..., userDataDir: C:\Users\Vaibhav\AppData\Lo...}, cssSelectorsEnabled: true, databaseEnabled: false, handlesAlerts: true, hasTouchScreen: false, javascriptEnabled: true, locationContextEnabled: true, mobileEmulationEnabled: false, nativeEvents: true, networkConnectionEnabled: false, pageLoadStrategy: normal, platform: XP, platformName: XP, rotatable: false, setWindowRect: true, takesHeapSnapshot: true, takesScreenshot: true, unexpectedAlertBehaviour: , unhandledPromptBehavior: , version: 68.0.3440.106, webStorageEnabled: true}
Session ID: 850ec6bba43f4f40ff4c790367f73072
at sun.reflect.NativeConstructorAccessorImpl.newInstance0(Native Method)
at sun.reflect.NativeConstructorAccessorImpl.newInstance(NativeConstructorAccessorImpl.java:62)
at sun.reflect.DelegatingConstructorAccessorImpl.newInstance(DelegatingConstructorAccessorImpl.java:45)
at java.lang.reflect.Constructor.newInstance(Constructor.java:423)
at org.openqa.selenium.remote.ErrorHandler.createThrowable(ErrorHandler.java:214)
at org.openqa.selenium.remote.ErrorHandler.throwIfResponseFailed(ErrorHandler.java:166)
at org.openqa.selenium.remote.http.JsonHttpResponseCodec.reconstructValue(JsonHttpResponseCodec.java:40)
at org.openqa.selenium.remote.http.AbstractHttpResponseCodec.decode(AbstractHttpResponseCodec.java:80)
at org.openqa.selenium.remote.http.AbstractHttpResponseCodec.decode(AbstractHttpResponseCodec.java:44)
at org.openqa.selenium.remote.HttpCommandExecutor.execute(HttpCommandExecutor.java:158)
at org.openqa.selenium.remote.service.DriverCommandExecutor.execute(DriverCommandExecutor.java:83)
at org.openqa.selenium.remote.RemoteWebDriver.execute(RemoteWebDriver.java:548)
at org.openqa.selenium.remote.RemoteWebElement.execute(RemoteWebElement.java:276)
at org.openqa.selenium.remote.RemoteWebElement.sendKeys(RemoteWebElement.java:100)
at sun.reflect.NativeMethodAccessorImpl.invoke0(Native Method)
at sun.reflect.NativeMethodAccessorImpl.invoke(NativeMethodAccessorImpl.java:62)
at sun.reflect.DelegatingMethodAccessorImpl.invoke(DelegatingMethodAccessorImpl.java:43)
at java.lang.reflect.Method.invoke(Method.java:498)
at org.openqa.selenium.support.pagefactory.internal.LocatingElementHandler.invoke(LocatingElementHandler.java:51)
at com.sun.proxy.$Proxy7.sendKeys(Unknown Source)
at com.amazon.qa.pages.DeliveryPopupPage.changeZipCode(DeliveryPopupPage.java:44)
at com.amazon.qa.tests.DeliveryPopupPageTest.changeZipCode(DeliveryPopupPageTest.java:31)
at sun.reflect.NativeMethodAccessorImpl.invoke0(Native Method)
at sun.reflect.NativeMethodAccessorImpl.invoke(NativeMethodAccessorImpl.java:62)
at sun.reflect.DelegatingMethodAccessorImpl.invoke(DelegatingMethodAccessorImpl.java:43)
at java.lang.reflect.Method.invoke(Method.java:498)
at org.testng.internal.MethodInvocationHelper.invokeMethod(MethodInvocationHelper.java:124)
at org.testng.internal.Invoker.invokeMethod(Invoker.java:580)
at org.testng.internal.Invoker.invokeTestMethod(Invoker.java:716)
at org.testng.internal.Invoker.invokeTestMethods(Invoker.java:988)
at org.testng.internal.TestMethodWorker.invokeTestMethods(TestMethodWorker.java:125)
at org.testng.internal.TestMethodWorker.run(TestMethodWorker.java:109)
at org.testng.TestRunner.privateRun(TestRunner.java:648)
at org.testng.TestRunner.run(TestRunner.java:505)
at org.testng.SuiteRunner.runTest(SuiteRunner.java:455)
at org.testng.SuiteRunner.runSequentially(SuiteRunner.java:450)
at org.testng.SuiteRunner.privateRun(SuiteRunner.java:415)
at org.testng.SuiteRunner.run(SuiteRunner.java:364)
at org.testng.SuiteRunnerWorker.runSuite(SuiteRunnerWorker.java:52)
at org.testng.SuiteRunnerWorker.run(SuiteRunnerWorker.java:84)
at org.testng.TestNG.runSuitesSequentially(TestNG.java:1208)
at org.testng.TestNG.runSuitesLocally(TestNG.java:1137)
at org.testng.TestNG.runSuites(TestNG.java:1049)
at org.testng.TestNG.run(TestNG.java:1017)
at org.apache.maven.surefire.testng.TestNGExecutor.run(TestNGExecutor.java:135)
at org.apache.maven.surefire.testng.TestNGDirectoryTestSuite.executeMulti(TestNGDirectoryTestSuite.java:193)
at org.apache.maven.surefire.testng.TestNGDirectoryTestSuite.execute(TestNGDirectoryTestSuite.java:94)
at org.apache.maven.surefire.testng.TestNGProvider.invoke(TestNGProvider.java:146)
at org.apache.maven.surefire.booter.ForkedBooter.invokeProviderInSameClassLoader(ForkedBooter.java:383)
at org.apache.maven.surefire.booter.ForkedBooter.runSuitesInProcess(ForkedBooter.java:344)
at org.apache.maven.surefire.booter.ForkedBooter.execute(ForkedBooter.java:125)
at org.apache.maven.surefire.booter.ForkedBooter.main(ForkedBooter.java:417)
]]>
            </full-stacktrace>
          </exception> <!-- org.openqa.selenium.ElementNotVisibleException -->
          <reporter-output>
          </reporter-output>
        </test-method> <!-- changeZipCode -->
        <test-method status="PASS" signature="tearDown()[pri:0, instance:com.amazon.qa.tests.DeliveryPopupPageTest@26f67b76]" name="tearDown" is-config="true" duration-ms="909" started-at="2018-09-04T14:36:18Z" finished-at="2018-09-04T14:36:18Z">
          <reporter-output>
          </reporter-output>
        </test-method> <!-- tearDown -->
        <test-method status="PASS" signature="setup()[pri:0, instance:com.amazon.qa.tests.DeliveryPopupPageTest@26f67b76]" name="setup" is-config="true" duration-ms="8232" started-at="2018-09-04T14:36:18Z" finished-at="2018-09-04T14:36:27Z">
          <reporter-output>
          </reporter-output>
        </test-method> <!-- setup -->
        <test-method status="PASS" signature="verifyLocationTitle()[pri:0, instance:com.amazon.qa.tests.DeliveryPopupPageTest@26f67b76]" name="verifyLocationTitle" duration-ms="63" started-at="2018-09-04T14:36:27Z" finished-at="2018-09-04T14:36:27Z">
          <reporter-output>
          </reporter-output>
        </test-method> <!-- verifyLocationTitle -->
        <test-method status="PASS" signature="tearDown()[pri:0, instance:com.amazon.qa.tests.DeliveryPopupPageTest@26f67b76]" name="tearDown" is-config="true" duration-ms="748" started-at="2018-09-04T14:36:27Z" finished-at="2018-09-04T14:36:27Z">
          <reporter-output>
          </reporter-output>
        </test-method> <!-- tearDown -->
      </class> <!-- com.amazon.qa.tests.DeliveryPopupPageTest -->
      <class name="com.amazon.qa.tests.HomePageTest">
        <test-method status="PASS" signature="setup()[pri:0, instance:com.amazon.qa.tests.HomePageTest@153f5a29]" name="setup" is-config="true" duration-ms="7549" started-at="2018-09-04T14:36:27Z" finished-at="2018-09-04T14:36:35Z">
          <reporter-output>
          </reporter-output>
        </test-method> <!-- setup -->
        <test-method status="PASS" signature="clickonSigninbtn()[pri:0, instance:com.amazon.qa.tests.HomePageTest@153f5a29]" name="clickonSigninbtn" duration-ms="4585" started-at="2018-09-04T14:36:35Z" finished-at="2018-09-04T14:36:40Z">
          <reporter-output>
          </reporter-output>
        </test-method> <!-- clickonSigninbtn -->
        <test-method status="PASS" signature="tearDown()[pri:0, instance:com.amazon.qa.tests.HomePageTest@153f5a29]" name="tearDown" is-config="true" duration-ms="967" started-at="2018-09-04T14:36:40Z" finished-at="2018-09-04T14:36:41Z">
          <reporter-output>
          </reporter-output>
        </test-method> <!-- tearDown -->
        <test-method status="PASS" signature="setup()[pri:0, instance:com.amazon.qa.tests.HomePageTest@153f5a29]" name="setup" is-config="true" duration-ms="7794" started-at="2018-09-04T14:36:41Z" finished-at="2018-09-04T14:36:48Z">
          <reporter-output>
          </reporter-output>
        </test-method> <!-- setup -->
        <test-method status="PASS" signature="clickonSigninlink()[pri:0, instance:com.amazon.qa.tests.HomePageTest@153f5a29]" name="clickonSigninlink" duration-ms="1131" started-at="2018-09-04T14:36:48Z" finished-at="2018-09-04T14:36:50Z">
          <reporter-output>
          </reporter-output>
        </test-method> <!-- clickonSigninlink -->
        <test-method status="PASS" signature="tearDown()[pri:0, instance:com.amazon.qa.tests.HomePageTest@153f5a29]" name="tearDown" is-config="true" duration-ms="790" started-at="2018-09-04T14:36:50Z" finished-at="2018-09-04T14:36:50Z">
          <reporter-output>
          </reporter-output>
        </test-method> <!-- tearDown -->
        <test-method status="PASS" signature="setup()[pri:0, instance:com.amazon.qa.tests.HomePageTest@153f5a29]" name="setup" is-config="true" duration-ms="7462" started-at="2018-09-04T14:37:59Z" finished-at="2018-09-04T14:38:06Z">
          <reporter-output>
          </reporter-output>
        </test-method> <!-- setup -->
        <test-method status="PASS" signature="verifyPageTitle()[pri:1, instance:com.amazon.qa.tests.HomePageTest@153f5a29]" name="verifyPageTitle" duration-ms="8" started-at="2018-09-04T14:38:06Z" finished-at="2018-09-04T14:38:06Z">
          <reporter-output>
          </reporter-output>
        </test-method> <!-- verifyPageTitle -->
        <test-method status="PASS" signature="tearDown()[pri:0, instance:com.amazon.qa.tests.HomePageTest@153f5a29]" name="tearDown" is-config="true" duration-ms="729" started-at="2018-09-04T14:38:06Z" finished-at="2018-09-04T14:38:07Z">
          <reporter-output>
          </reporter-output>
        </test-method> <!-- tearDown -->
        <test-method status="PASS" signature="setup()[pri:0, instance:com.amazon.qa.tests.HomePageTest@153f5a29]" name="setup" is-config="true" duration-ms="7544" started-at="2018-09-04T14:38:07Z" finished-at="2018-09-04T14:38:14Z">
          <reporter-output>
          </reporter-output>
        </test-method> <!-- setup -->
        <test-method status="PASS" signature="clickonDeliverylink()[pri:2, instance:com.amazon.qa.tests.HomePageTest@153f5a29]" name="clickonDeliverylink" duration-ms="3523" started-at="2018-09-04T14:38:14Z" finished-at="2018-09-04T14:38:18Z">
          <reporter-output>
          </reporter-output>
        </test-method> <!-- clickonDeliverylink -->
        <test-method status="PASS" signature="tearDown()[pri:0, instance:com.amazon.qa.tests.HomePageTest@153f5a29]" name="tearDown" is-config="true" duration-ms="794" started-at="2018-09-04T14:38:18Z" finished-at="2018-09-04T14:38:19Z">
          <reporter-output>
          </reporter-output>
        </test-method> <!-- tearDown -->
      </class> <!-- com.amazon.qa.tests.HomePageTest -->
      <class name="com.amazon.qa.tests.SigninPageTest">
        <test-method status="PASS" signature="setup()[pri:0, instance:com.amazon.qa.tests.SigninPageTest@7f560810]" name="setup" is-config="true" duration-ms="8528" started-at="2018-09-04T14:36:50Z" finished-at="2018-09-04T14:36:59Z">
          <reporter-output>
          </reporter-output>
        </test-method> <!-- setup -->
        <test-method status="PASS" signature="Signinwithmobilenumber()[pri:0, instance:com.amazon.qa.tests.SigninPageTest@7f560810]" name="Signinwithmobilenumber" duration-ms="5561" started-at="2018-09-04T14:36:59Z" finished-at="2018-09-04T14:37:04Z">
          <reporter-output>
          </reporter-output>
        </test-method> <!-- Signinwithmobilenumber -->
        <test-method status="PASS" signature="tearDown()[pri:0, instance:com.amazon.qa.tests.SigninPageTest@7f560810]" name="tearDown" is-config="true" duration-ms="790" started-at="2018-09-04T14:37:04Z" finished-at="2018-09-04T14:37:05Z">
          <reporter-output>
          </reporter-output>
        </test-method> <!-- tearDown -->
        <test-method status="PASS" signature="setup()[pri:0, instance:com.amazon.qa.tests.SigninPageTest@7f560810]" name="setup" is-config="true" duration-ms="8601" started-at="2018-09-04T14:37:05Z" finished-at="2018-09-04T14:37:14Z">
          <reporter-output>
          </reporter-output>
        </test-method> <!-- setup -->
        <test-method status="PASS" signature="clickonForgotPasswordlink()[pri:0, instance:com.amazon.qa.tests.SigninPageTest@7f560810]" name="clickonForgotPasswordlink" duration-ms="783" started-at="2018-09-04T14:37:14Z" finished-at="2018-09-04T14:37:15Z">
          <reporter-output>
          </reporter-output>
        </test-method> <!-- clickonForgotPasswordlink -->
        <test-method status="PASS" signature="tearDown()[pri:0, instance:com.amazon.qa.tests.SigninPageTest@7f560810]" name="tearDown" is-config="true" duration-ms="757" started-at="2018-09-04T14:37:15Z" finished-at="2018-09-04T14:37:15Z">
          <reporter-output>
          </reporter-output>
        </test-method> <!-- tearDown -->
        <test-method status="PASS" signature="setup()[pri:0, instance:com.amazon.qa.tests.SigninPageTest@7f560810]" name="setup" is-config="true" duration-ms="9889" started-at="2018-09-04T14:37:15Z" finished-at="2018-09-04T14:37:25Z">
          <reporter-output>
          </reporter-output>
        </test-method> <!-- setup -->
        <test-method status="PASS" signature="clickonSigninissueslink()[pri:0, instance:com.amazon.qa.tests.SigninPageTest@7f560810]" name="clickonSigninissueslink" duration-ms="2875" started-at="2018-09-04T14:37:25Z" finished-at="2018-09-04T14:37:28Z">
          <reporter-output>
          </reporter-output>
        </test-method> <!-- clickonSigninissueslink -->
        <test-method status="PASS" signature="tearDown()[pri:0, instance:com.amazon.qa.tests.SigninPageTest@7f560810]" name="tearDown" is-config="true" duration-ms="791" started-at="2018-09-04T14:37:28Z" finished-at="2018-09-04T14:37:29Z">
          <reporter-output>
          </reporter-output>
        </test-method> <!-- tearDown -->
        <test-method status="PASS" signature="setup()[pri:0, instance:com.amazon.qa.tests.SigninPageTest@7f560810]" name="setup" is-config="true" duration-ms="8718" started-at="2018-09-04T14:37:29Z" finished-at="2018-09-04T14:37:38Z">
          <reporter-output>
          </reporter-output>
        </test-method> <!-- setup -->
        <test-method status="FAIL" signature="validateEmailerrormessage()[pri:0, instance:com.amazon.qa.tests.SigninPageTest@7f560810]" name="validateEmailerrormessage" duration-ms="464" started-at="2018-09-04T14:37:38Z" finished-at="2018-09-04T14:37:38Z">
          <exception class="java.lang.AssertionError">
            <message>
              <![CDATA[expected [Enter your email or mobile phone number] but found []]]>
            </message>
            <full-stacktrace>
              <![CDATA[java.lang.AssertionError: expected [Enter your email or mobile phone number] but found []
at org.testng.Assert.fail(Assert.java:96)
at org.testng.Assert.failNotEquals(Assert.java:776)
at org.testng.Assert.assertEqualsImpl(Assert.java:137)
at org.testng.Assert.assertEquals(Assert.java:118)
at org.testng.Assert.assertEquals(Assert.java:453)
at org.testng.Assert.assertEquals(Assert.java:463)
at com.amazon.qa.tests.SigninPageTest.validateEmailerrormessage(SigninPageTest.java:31)
at sun.reflect.NativeMethodAccessorImpl.invoke0(Native Method)
at sun.reflect.NativeMethodAccessorImpl.invoke(NativeMethodAccessorImpl.java:62)
at sun.reflect.DelegatingMethodAccessorImpl.invoke(DelegatingMethodAccessorImpl.java:43)
at java.lang.reflect.Method.invoke(Method.java:498)
at org.testng.internal.MethodInvocationHelper.invokeMethod(MethodInvocationHelper.java:124)
at org.testng.internal.Invoker.invokeMethod(Invoker.java:580)
at org.testng.internal.Invoker.invokeTestMethod(Invoker.java:716)
at org.testng.internal.Invoker.invokeTestMethods(Invoker.java:988)
at org.testng.internal.TestMethodWorker.invokeTestMethods(TestMethodWorker.java:125)
at org.testng.internal.TestMethodWorker.run(TestMethodWorker.java:109)
at org.testng.TestRunner.privateRun(TestRunner.java:648)
at org.testng.TestRunner.run(TestRunner.java:505)
at org.testng.SuiteRunner.runTest(SuiteRunner.java:455)
at org.testng.SuiteRunner.runSequentially(SuiteRunner.java:450)
at org.testng.SuiteRunner.privateRun(SuiteRunner.java:415)
at org.testng.SuiteRunner.run(SuiteRunner.java:364)
at org.testng.SuiteRunnerWorker.runSuite(SuiteRunnerWorker.java:52)
at org.testng.SuiteRunnerWorker.run(SuiteRunnerWorker.java:84)
at org.testng.TestNG.runSuitesSequentially(TestNG.java:1208)
at org.testng.TestNG.runSuitesLocally(TestNG.java:1137)
at org.testng.TestNG.runSuites(TestNG.java:1049)
at org.testng.TestNG.run(TestNG.java:1017)
at org.apache.maven.surefire.testng.TestNGExecutor.run(TestNGExecutor.java:135)
at org.apache.maven.surefire.testng.TestNGDirectoryTestSuite.executeMulti(TestNGDirectoryTestSuite.java:193)
at org.apache.maven.surefire.testng.TestNGDirectoryTestSuite.execute(TestNGDirectoryTestSuite.java:94)
at org.apache.maven.surefire.testng.TestNGProvider.invoke(TestNGProvider.java:146)
at org.apache.maven.surefire.booter.ForkedBooter.invokeProviderInSameClassLoader(ForkedBooter.java:383)
at org.apache.maven.surefire.booter.ForkedBooter.runSuitesInProcess(ForkedBooter.java:344)
at org.apache.maven.surefire.booter.ForkedBooter.execute(ForkedBooter.java:125)
at org.apache.maven.surefire.booter.ForkedBooter.main(ForkedBooter.java:417)
]]>
            </full-stacktrace>
          </exception> <!-- java.lang.AssertionError -->
          <reporter-output>
          </reporter-output>
        </test-method> <!-- validateEmailerrormessage -->
        <test-method status="PASS" signature="tearDown()[pri:0, instance:com.amazon.qa.tests.SigninPageTest@7f560810]" name="tearDown" is-config="true" duration-ms="735" started-at="2018-09-04T14:37:38Z" finished-at="2018-09-04T14:37:39Z">
          <reporter-output>
          </reporter-output>
        </test-method> <!-- tearDown -->
        <test-method status="PASS" signature="setup()[pri:0, instance:com.amazon.qa.tests.SigninPageTest@7f560810]" name="setup" is-config="true" duration-ms="8639" started-at="2018-09-04T14:37:39Z" finished-at="2018-09-04T14:37:47Z">
          <reporter-output>
          </reporter-output>
        </test-method> <!-- setup -->
        <test-method status="PASS" signature="validatemobilenumberErrormessage()[pri:0, instance:com.amazon.qa.tests.SigninPageTest@7f560810]" name="validatemobilenumberErrormessage" duration-ms="1112" started-at="2018-09-04T14:37:47Z" finished-at="2018-09-04T14:37:49Z">
          <reporter-output>
          </reporter-output>
        </test-method> <!-- validatemobilenumberErrormessage -->
        <test-method status="PASS" signature="tearDown()[pri:0, instance:com.amazon.qa.tests.SigninPageTest@7f560810]" name="tearDown" is-config="true" duration-ms="761" started-at="2018-09-04T14:37:49Z" finished-at="2018-09-04T14:37:49Z">
          <reporter-output>
          </reporter-output>
        </test-method> <!-- tearDown -->
        <test-method status="PASS" signature="setup()[pri:0, instance:com.amazon.qa.tests.SigninPageTest@7f560810]" name="setup" is-config="true" duration-ms="8417" started-at="2018-09-04T14:37:49Z" finished-at="2018-09-04T14:37:58Z">
          <reporter-output>
          </reporter-output>
        </test-method> <!-- setup -->
        <test-method status="PASS" signature="verifyPagetitle()[pri:0, instance:com.amazon.qa.tests.SigninPageTest@7f560810]" name="verifyPagetitle" duration-ms="88" started-at="2018-09-04T14:37:58Z" finished-at="2018-09-04T14:37:58Z">
          <reporter-output>
          </reporter-output>
        </test-method> <!-- verifyPagetitle -->
        <test-method status="PASS" signature="tearDown()[pri:0, instance:com.amazon.qa.tests.SigninPageTest@7f560810]" name="tearDown" is-config="true" duration-ms="798" started-at="2018-09-04T14:37:58Z" finished-at="2018-09-04T14:37:59Z">
          <reporter-output>
          </reporter-output>
        </test-method> <!-- tearDown -->
      </class> <!-- com.amazon.qa.tests.SigninPageTest -->
    </test> <!-- Surefire test -->
  </suite> <!-- Surefire suite -->
</testng-results>
